# JRE version: OpenJDK Runtime Environment (11.0.11+9) (build 11.0.11+9-b60-7590822)
# Java VM: OpenJDK 64-Bit Server VM (11.0.11+9-b60-7590822, mixed mode, tiered, compressed oops, g1 gc, windows-amd64)
Heap:
 garbage-first heap   total 428032K, used 277075K [0x0000000080000000, 0x0000000100000000)
  region size 1024K, 2 young (2048K), 2 survivors (2048K)
 Metaspace       used 110450K, capacity 113089K, committed 113484K, reserved 1146880K
  class space    used 14042K, capacity 15022K, committed 15180K, reserved 1048576K
GC Heap History (20 events):
Event: 33.303 GC heap after
{Heap after GC invocations=23 (full 0):
 garbage-first heap   total 305152K, used 174638K [0x0000000080000000, 0x0000000100000000)
  region size 1024K, 10 young (10240K), 10 survivors (10240K)
 Metaspace       used 105711K, capacity 108321K, committed 109132K, reserved 1144832K
  class space    used 13437K, capacity 14395K, committed 14668K, reserved 1048576K
}
Event: 33.457 GC heap before
{Heap before GC invocations=24 (full 0):
 garbage-first heap   total 305152K, used 211502K [0x0000000080000000, 0x0000000100000000)
  region size 1024K, 45 young (46080K), 10 survivors (10240K)
 Metaspace       used 107123K, capacity 109700K, committed 110412K, reserved 1144832K
  class space    used 13490K, capacity 14428K, committed 14668K, reserved 1048576K
}
Event: 33.478 GC heap after
{Heap after GC invocations=25 (full 0):
 garbage-first heap   total 305152K, used 186558K [0x0000000080000000, 0x0000000100000000)
  region size 1024K, 8 young (8192K), 8 survivors (8192K)
 Metaspace       used 107123K, capacity 109700K, committed 110412K, reserved 1144832K
  class space    used 13490K, capacity 14428K, committed 14668K, reserved 1048576K
}
Event: 33.753 GC heap before
{Heap before GC invocations=26 (full 0):
 garbage-first heap   total 305152K, used 234686K [0x0000000080000000, 0x0000000100000000)
  region size 1024K, 52 young (53248K), 8 survivors (8192K)
 Metaspace       used 110038K, capacity 112710K, committed 113228K, reserved 1146880K
  class space    used 14020K, capacity 15009K, committed 15180K, reserved 1048576K
}
Event: 33.778 GC heap after
{Heap after GC invocations=27 (full 0):
 garbage-first heap   total 305152K, used 206469K [0x0000000080000000, 0x0000000100000000)
  region size 1024K, 7 young (7168K), 7 survivors (7168K)
 Metaspace       used 110038K, capacity 112710K, committed 113228K, reserved 1146880K
  class space    used 14020K, capacity 15009K, committed 15180K, reserved 1048576K
}
Event: 33.856 GC heap before
{Heap before GC invocations=27 (full 0):
 garbage-first heap   total 305152K, used 232069K [0x0000000080000000, 0x0000000100000000)
  region size 1024K, 34 young (34816K), 7 survivors (7168K)
 Metaspace       used 110195K, capacity 112851K, committed 113228K, reserved 1146880K
  class space    used 14020K, capacity 15009K, committed 15180K, reserved 1048576K
}
Event: 33.872 GC heap after
{Heap after GC invocations=28 (full 0):
 garbage-first heap   total 305152K, used 222208K [0x0000000080000000, 0x0000000100000000)
  region size 1024K, 6 young (6144K), 6 survivors (6144K)
 Metaspace       used 110195K, capacity 112851K, committed 113228K, reserved 1146880K
  class space    used 14020K, capacity 15009K, committed 15180K, reserved 1048576K
}
Event: 34.003 GC heap before
{Heap before GC invocations=28 (full 0):
 garbage-first heap   total 305152K, used 248832K [0x0000000080000000, 0x0000000100000000)
  region size 1024K, 32 young (32768K), 6 survivors (6144K)
 Metaspace       used 110273K, capacity 112862K, committed 113228K, reserved 1146880K
  class space    used 14023K, capacity 15011K, committed 15180K, reserved 1048576K
}
Event: 34.019 GC heap after
{Heap after GC invocations=29 (full 0):
 garbage-first heap   total 305152K, used 236008K [0x0000000080000000, 0x0000000100000000)
  region size 1024K, 4 young (4096K), 4 survivors (4096K)
 Metaspace       used 110273K, capacity 112862K, committed 113228K, reserved 1146880K
  class space    used 14023K, capacity 15011K, committed 15180K, reserved 1048576K
}
Event: 34.095 GC heap before
{Heap before GC invocations=29 (full 0):
 garbage-first heap   total 305152K, used 253416K [0x0000000080000000, 0x0000000100000000)
  region size 1024K, 22 young (22528K), 4 survivors (4096K)
 Metaspace       used 110308K, capacity 113002K, committed 113484K, reserved 1146880K
  class space    used 14028K, capacity 15015K, committed 15180K, reserved 1048576K
}
Event: 34.106 GC heap after
{Heap after GC invocations=30 (full 0):
 garbage-first heap   total 305152K, used 245217K [0x0000000080000000, 0x0000000100000000)
  region size 1024K, 3 young (3072K), 3 survivors (3072K)
 Metaspace       used 110308K, capacity 113002K, committed 113484K, reserved 1146880K
  class space    used 14028K, capacity 15015K, committed 15180K, reserved 1048576K
}
Event: 34.173 GC heap before
{Heap before GC invocations=31 (full 0):
 garbage-first heap   total 305152K, used 258529K [0x0000000080000000, 0x0000000100000000)
  region size 1024K, 16 young (16384K), 3 survivors (3072K)
 Metaspace       used 110395K, capacity 113073K, committed 113484K, reserved 1146880K
  class space    used 14038K, capacity 15017K, committed 15180K, reserved 1048576K
}
Event: 34.182 GC heap after
{Heap after GC invocations=32 (full 0):
 garbage-first heap   total 305152K, used 252709K [0x0000000080000000, 0x0000000100000000)
  region size 1024K, 2 young (2048K), 2 survivors (2048K)
 Metaspace       used 110395K, capacity 113073K, committed 113484K, reserved 1146880K
  class space    used 14038K, capacity 15017K, committed 15180K, reserved 1048576K
}
Event: 34.218 GC heap before
{Heap before GC invocations=32 (full 0):
 garbage-first heap   total 305152K, used 264997K [0x0000000080000000, 0x0000000100000000)
  region size 1024K, 14 young (14336K), 2 survivors (2048K)
 Metaspace       used 110440K, capacity 113089K, committed 113484K, reserved 1146880K
  class space    used 14042K, capacity 15022K, committed 15180K, reserved 1048576K
}
Event: 34.228 GC heap after
{Heap after GC invocations=33 (full 0):
 garbage-first heap   total 305152K, used 258048K [0x0000000080000000, 0x0000000100000000)
  region size 1024K, 2 young (2048K), 2 survivors (2048K)
 Metaspace       used 110440K, capacity 113089K, committed 113484K, reserved 1146880K
  class space    used 14042K, capacity 15022K, committed 15180K, reserved 1048576K
}
Event: 34.280 GC heap before
{Heap before GC invocations=33 (full 0):
 garbage-first heap   total 305152K, used 269312K [0x0000000080000000, 0x0000000100000000)
  region size 1024K, 14 young (14336K), 2 survivors (2048K)
 Metaspace       used 110443K, capacity 113089K, committed 113484K, reserved 1146880K
  class space    used 14042K, capacity 15022K, committed 15180K, reserved 1048576K
}
Event: 34.293 GC heap after
{Heap after GC invocations=34 (full 0):
 garbage-first heap   total 305152K, used 264192K [0x0000000080000000, 0x0000000100000000)
  region size 1024K, 2 young (2048K), 2 survivors (2048K)
 Metaspace       used 110443K, capacity 113089K, committed 113484K, reserved 1146880K
  class space    used 14042K, capacity 15022K, committed 15180K, reserved 1048576K
}
Event: 34.342 GC heap before
{Heap before GC invocations=34 (full 0):
 garbage-first heap   total 305152K, used 276480K [0x0000000080000000, 0x0000000100000000)
  region size 1024K, 14 young (14336K), 2 survivors (2048K)
 Metaspace       used 110450K, capacity 113089K, committed 113484K, reserved 1146880K
  class space    used 14042K, capacity 15022K, committed 15180K, reserved 1048576K
}
Event: 34.348 GC heap after
{Heap after GC invocations=35 (full 0):
 garbage-first heap   total 305152K, used 270945K [0x0000000080000000, 0x0000000100000000)
  region size 1024K, 2 young (2048K), 2 survivors (2048K)
 Metaspace       used 110450K, capacity 113089K, committed 113484K, reserved 1146880K
  class space    used 14042K, capacity 15022K, committed 15180K, reserved 1048576K
}
Event: 34.379 GC heap before
{Heap before GC invocations=35 (full 0):
 garbage-first heap   total 305152K, used 283233K [0x0000000080000000, 0x0000000100000000)
  region size 1024K, 14 young (14336K), 2 survivors (2048K)
 Metaspace       used 110450K, capacity 113089K, committed 113484K, reserved 1146880K
  class space    used 14042K, capacity 15022K, committed 15180K, reserved 1048576K
}

