# JRE version: OpenJDK Runtime Environment (11.0.11+9) (build 11.0.11+9-b60-7590822)
# Java VM: OpenJDK 64-Bit Server VM (11.0.11+9-b60-7590822, mixed mode, tiered, compressed oops, g1 gc, windows-amd64)
Heap:
 garbage-first heap   total 305152K, used 58534K [0x0000000708c00000, 0x0000000800000000)
  region size 1024K, 7 young (7168K), 5 survivors (5120K)
 Metaspace       used 59686K, capacity 60449K, committed 60628K, reserved 1103872K
  class space    used 6775K, capacity 7063K, committed 7168K, reserved 1048576K
GC Heap History (16 events):
Event: 0.352 GC heap before
{Heap before GC invocations=0 (full 0):
 garbage-first heap   total 253952K, used 25600K [0x0000000708c00000, 0x0000000800000000)
  region size 1024K, 22 young (22528K), 0 survivors (0K)
 Metaspace       used 11573K, capacity 11698K, committed 11904K, reserved 1060864K
  class space    used 1068K, capacity 1109K, committed 1152K, reserved 1048576K
}
Event: 0.354 GC heap after
{Heap after GC invocations=1 (full 0):
 garbage-first heap   total 253952K, used 5710K [0x0000000708c00000, 0x0000000800000000)
  region size 1024K, 3 young (3072K), 3 survivors (3072K)
 Metaspace       used 11573K, capacity 11698K, committed 11904K, reserved 1060864K
  class space    used 1068K, capacity 1109K, committed 1152K, reserved 1048576K
}
Event: 0.855 GC heap before
{Heap before GC invocations=1 (full 0):
 garbage-first heap   total 253952K, used 43598K [0x0000000708c00000, 0x0000000800000000)
  region size 1024K, 41 young (41984K), 3 survivors (3072K)
 Metaspace       used 20906K, capacity 21142K, committed 21296K, reserved 1069056K
  class space    used 2261K, capacity 2347K, committed 2432K, reserved 1048576K
}
Event: 0.864 GC heap after
{Heap after GC invocations=2 (full 0):
 garbage-first heap   total 253952K, used 9336K [0x0000000708c00000, 0x0000000800000000)
  region size 1024K, 7 young (7168K), 7 survivors (7168K)
 Metaspace       used 20906K, capacity 21142K, committed 21296K, reserved 1069056K
  class space    used 2261K, capacity 2347K, committed 2432K, reserved 1048576K
}
Event: 1.955 GC heap before
{Heap before GC invocations=3 (full 0):
 garbage-first heap   total 253952K, used 64632K [0x0000000708c00000, 0x0000000800000000)
  region size 1024K, 56 young (57344K), 7 survivors (7168K)
 Metaspace       used 31690K, capacity 32227K, committed 32688K, reserved 1077248K
  class space    used 3775K, capacity 3973K, committed 4096K, reserved 1048576K
}
Event: 1.964 GC heap after
{Heap after GC invocations=4 (full 0):
 garbage-first heap   total 253952K, used 21668K [0x0000000708c00000, 0x0000000800000000)
  region size 1024K, 7 young (7168K), 7 survivors (7168K)
 Metaspace       used 31690K, capacity 32227K, committed 32688K, reserved 1077248K
  class space    used 3775K, capacity 3973K, committed 4096K, reserved 1048576K
}
Event: 2.138 GC heap before
{Heap before GC invocations=4 (full 0):
 garbage-first heap   total 253952K, used 37028K [0x0000000708c00000, 0x0000000800000000)
  region size 1024K, 23 young (23552K), 7 survivors (7168K)
 Metaspace       used 35252K, capacity 35721K, committed 35920K, reserved 1081344K
  class space    used 4374K, capacity 4583K, committed 4608K, reserved 1048576K
}
Event: 2.142 GC heap after
{Heap after GC invocations=5 (full 0):
 garbage-first heap   total 253952K, used 23425K [0x0000000708c00000, 0x0000000800000000)
  region size 1024K, 9 young (9216K), 9 survivors (9216K)
 Metaspace       used 35252K, capacity 35721K, committed 35920K, reserved 1081344K
  class space    used 4374K, capacity 4583K, committed 4608K, reserved 1048576K
}
Event: 2.873 GC heap before
{Heap before GC invocations=6 (full 0):
 garbage-first heap   total 253952K, used 89985K [0x0000000708c00000, 0x0000000800000000)
  region size 1024K, 72 young (73728K), 9 survivors (9216K)
 Metaspace       used 46812K, capacity 47446K, committed 47568K, reserved 1091584K
  class space    used 5514K, capacity 5752K, committed 5760K, reserved 1048576K
}
Event: 2.886 GC heap after
{Heap after GC invocations=7 (full 0):
 garbage-first heap   total 305152K, used 30865K [0x0000000708c00000, 0x0000000800000000)
  region size 1024K, 9 young (9216K), 9 survivors (9216K)
 Metaspace       used 46812K, capacity 47446K, committed 47568K, reserved 1091584K
  class space    used 5514K, capacity 5752K, committed 5760K, reserved 1048576K
}
Event: 4.299 GC heap before
{Heap before GC invocations=7 (full 0):
 garbage-first heap   total 305152K, used 174225K [0x0000000708c00000, 0x0000000800000000)
  region size 1024K, 148 young (151552K), 9 survivors (9216K)
 Metaspace       used 57878K, capacity 58585K, committed 58704K, reserved 1101824K
  class space    used 6601K, capacity 6874K, committed 6912K, reserved 1048576K
}
Event: 4.321 GC heap after
{Heap after GC invocations=8 (full 0):
 garbage-first heap   total 305152K, used 51905K [0x0000000708c00000, 0x0000000800000000)
  region size 1024K, 19 young (19456K), 19 survivors (19456K)
 Metaspace       used 57878K, capacity 58585K, committed 58704K, reserved 1101824K
  class space    used 6601K, capacity 6874K, committed 6912K, reserved 1048576K
}
Event: 4.360 GC heap before
{Heap before GC invocations=8 (full 0):
 garbage-first heap   total 305152K, used 53953K [0x0000000708c00000, 0x0000000800000000)
  region size 1024K, 21 young (21504K), 19 survivors (19456K)
 Metaspace       used 58078K, capacity 58810K, committed 58960K, reserved 1101824K
  class space    used 6617K, capacity 6906K, committed 6912K, reserved 1048576K
}
Event: 4.376 GC heap after
{Heap after GC invocations=9 (full 0):
 garbage-first heap   total 305152K, used 55382K [0x0000000708c00000, 0x0000000800000000)
  region size 1024K, 3 young (3072K), 3 survivors (3072K)
 Metaspace       used 58078K, capacity 58810K, committed 58960K, reserved 1101824K
  class space    used 6617K, capacity 6906K, committed 6912K, reserved 1048576K
}
Event: 4.715 GC heap before
{Heap before GC invocations=9 (full 0):
 garbage-first heap   total 305152K, used 83030K [0x0000000708c00000, 0x0000000800000000)
  region size 1024K, 30 young (30720K), 3 survivors (3072K)
 Metaspace       used 59462K, capacity 60213K, committed 60296K, reserved 1103872K
  class space    used 6750K, capacity 7028K, committed 7040K, reserved 1048576K
}
Event: 4.721 GC heap after
{Heap after GC invocations=10 (full 0):
 garbage-first heap   total 305152K, used 57510K [0x0000000708c00000, 0x0000000800000000)
  region size 1024K, 5 young (5120K), 5 survivors (5120K)
 Metaspace       used 59462K, capacity 60213K, committed 60296K, reserved 1103872K
  class space    used 6750K, capacity 7028K, committed 7040K, reserved 1048576K
}

